  cluster.cpp
  image_data.cpp
D:\CIS660\CIS660-VSProj\SVGTextureGenerator\image_data.cpp(51,67): warning C4244: '+=': conversion from 'double' to 'float', possible loss of data
D:\CIS660\CIS660-VSProj\SVGTextureGenerator\image_data.cpp(54,39): warning C4244: '+=': conversion from 'double' to 'float', possible loss of data
D:\CIS660\CIS660-VSProj\SVGTextureGenerator\image_data.cpp(112,16): warning C4244: 'return': conversion from 'int' to 'float', possible loss of data
D:\CIS660\CIS660-VSProj\SVGTextureGenerator\image_data.cpp(133,21): warning C4804: '<': unsafe use of type 'bool' in operation
D:\CIS660\CIS660-VSProj\SVGTextureGenerator\image_data.cpp(133,66): warning C4804: '<': unsafe use of type 'bool' in operation
  main.cpp
D:\CIS660\CIS660-VSProj\SVGTextureGenerator\main.cpp(53,13): warning C4244: 'initializing': conversion from 'T' to 'int', possible loss of data
          with
          [
              T=float
          ]
D:\CIS660\CIS660-VSProj\SVGTextureGenerator\main.cpp(54,14): warning C4244: 'initializing': conversion from 'T' to 'int', possible loss of data
          with
          [
              T=float
          ]
D:\CIS660\CIS660-VSProj\SVGTextureGenerator\main.cpp(74,13): warning C4244: 'initializing': conversion from 'T' to 'int', possible loss of data
          with
          [
              T=float
          ]
D:\CIS660\CIS660-VSProj\SVGTextureGenerator\main.cpp(75,14): warning C4244: 'initializing': conversion from 'T' to 'int', possible loss of data
          with
          [
              T=float
          ]
D:\CIS660\CIS660-VSProj\SVGTextureGenerator\main.cpp(116,14): warning C4244: 'initializing': conversion from 'T' to 'int', possible loss of data
          with
          [
              T=float
          ]
D:\CIS660\CIS660-VSProj\SVGTextureGenerator\main.cpp(117,15): warning C4244: 'initializing': conversion from 'T' to 'int', possible loss of data
          with
          [
              T=float
          ]
D:\CIS660\CIS660-VSProj\SVGTextureGenerator\main.cpp(156,14): warning C4244: 'initializing': conversion from 'T' to 'int', possible loss of data
          with
          [
              T=float
          ]
D:\CIS660\CIS660-VSProj\SVGTextureGenerator\main.cpp(157,15): warning C4244: 'initializing': conversion from 'T' to 'int', possible loss of data
          with
          [
              T=float
          ]
  sampleMethod.cpp
D:\CIS660\CIS660-VSProj\SVGTextureGenerator\sampleMethod.cpp(10,13): warning C4244: 'initializing': conversion from 'float' to 'int', possible loss of data
D:\CIS660\CIS660-VSProj\SVGTextureGenerator\sampleMethod.cpp(11,13): warning C4244: 'initializing': conversion from 'float' to 'int', possible loss of data
D:\CIS660\CIS660-VSProj\SVGTextureGenerator\sampleMethod.cpp(23,13): warning C4244: 'initializing': conversion from 'float' to 'int', possible loss of data
D:\CIS660\CIS660-VSProj\SVGTextureGenerator\sampleMethod.cpp(24,13): warning C4244: 'initializing': conversion from 'float' to 'int', possible loss of data
D:\CIS660\CIS660-VSProj\SVGTextureGenerator\sampleMethod.cpp(57,17): warning C4244: 'initializing': conversion from 'double' to 'float', possible loss of data
D:\CIS660\CIS660-VSProj\SVGTextureGenerator\sampleMethod.cpp(62,19): warning C4244: 'initializing': conversion from 'float' to 'int', possible loss of data
D:\CIS660\CIS660-VSProj\SVGTextureGenerator\sampleMethod.cpp(63,20): warning C4244: 'initializing': conversion from 'float' to 'int', possible loss of data
D:\CIS660\CIS660-VSProj\SVGTextureGenerator\sampleMethod.cpp(111,16): warning C4244: 'initializing': conversion from 'int' to 'float', possible loss of data
D:\CIS660\CIS660-VSProj\SVGTextureGenerator\sampleMethod.cpp(116,21): warning C4244: 'initializing': conversion from 'double' to 'float', possible loss of data
  SVGContext.cpp
D:\CIS660\CIS660-VSProj\include\nanoSVG\nanosvg.h(1251,24): warning C4244: '=': conversion from 'double' to 'float', possible loss of data
D:\CIS660\CIS660-VSProj\include\nanoSVG\nanosvg.h(1273,20): warning C4244: '=': conversion from 'float' to 'unsigned int', possible loss of data
D:\CIS660\CIS660-VSProj\include\nanoSVG\nanosvg.h(1274,20): warning C4244: '=': conversion from 'float' to 'unsigned int', possible loss of data
D:\CIS660\CIS660-VSProj\include\nanoSVG\nanosvg.h(1275,20): warning C4244: '=': conversion from 'float' to 'unsigned int', possible loss of data
D:\CIS660\CIS660-VSProj\include\nanoSVG\nanosvg.h(1473,12): warning C4244: 'initializing': conversion from 'double' to 'float', possible loss of data
D:\CIS660\CIS660-VSProj\include\nanoSVG\nanosvg.h(1481,12): warning C4244: 'initializing': conversion from 'double' to 'float', possible loss of data
D:\CIS660\CIS660-VSProj\include\nanoSVG\nanosvg.h(1523,26): warning C4244: '=': conversion from 'double' to 'float', possible loss of data
D:\CIS660\CIS660-VSProj\include\nanoSVG\nanosvg.h(2597,29): warning C4244: '=': conversion from 'double' to 'float', possible loss of data
D:\CIS660\CIS660-VSProj\include\nanoSVG\nanosvg.h(2601,29): warning C4244: '=': conversion from 'double' to 'float', possible loss of data
D:\CIS660\CIS660-VSProj\include\nanoSVG\nanosvg.h(2605,30): warning C4244: '=': conversion from 'double' to 'float', possible loss of data
D:\CIS660\CIS660-VSProj\include\nanoSVG\nanosvg.h(2609,31): warning C4244: '=': conversion from 'double' to 'float', possible loss of data
  SVGTextureGenerator.cpp
  Generating Code...
  LINK : D:\CIS660\CIS660-VSProj\x64\Debug\SVGTextureGenerator.exe not found or not built by the last incremental link; performing full link
  SVGTextureGenerator.vcxproj -> D:\CIS660\CIS660-VSProj\x64\Debug\SVGTextureGenerator.exe
